	STAR --runThreadN 8 --runMode alignReads --outFilterMultimapNmax 3 --outSAMunmapped Within KeepPairs --alignIntronMax 1000000 --alignMatesGapMax 1000000 --readFilesCommand zcat --readFilesIn /projects/bgmp/dmarro/bioinfo/Bi623/assignments/FastQC/QAA/control_filtered1P.fq.gz /projects/bgmp/dmarro/bioinfo/Bi623/assignments/FastQC/QAA/contol_filtered2P.fq.gz --genomeDir /projects/bgmp/dmarro/bioinfo/Bi623/assignments/FastQC/QAA/Mus.musculus.GRCm39.107.STAR/ --outFileNamePrefix alignment/
	STAR version: 2.7.10a   compiled: 2022-01-14T18:50:00-05:00 :/home/dobin/data/STAR/STARcode/STAR.master/source
Sep 07 14:59:47 ..... started STAR run
Sep 07 14:59:47 ..... loading genome
Sep 07 14:59:57 ..... started mapping
Sep 07 15:00:30 ..... finished mapping
Sep 07 15:00:30 ..... finished successfully
	Command being timed: "STAR --runThreadN 8 --runMode alignReads --outFilterMultimapNmax 3 --outSAMunmapped Within KeepPairs --alignIntronMax 1000000 --alignMatesGapMax 1000000 --readFilesCommand zcat --readFilesIn /projects/bgmp/dmarro/bioinfo/Bi623/assignments/FastQC/QAA/control_filtered1P.fq.gz /projects/bgmp/dmarro/bioinfo/Bi623/assignments/FastQC/QAA/contol_filtered2P.fq.gz --genomeDir /projects/bgmp/dmarro/bioinfo/Bi623/assignments/FastQC/QAA/Mus.musculus.GRCm39.107.STAR/ --outFileNamePrefix alignment/"
	User time (seconds): 224.44
	System time (seconds): 6.90
	Percent of CPU this job got: 534%
	Elapsed (wall clock) time (h:mm:ss or m:ss): 0:43.30
	Average shared text size (kbytes): 0
	Average unshared data size (kbytes): 0
	Average stack size (kbytes): 0
	Average total size (kbytes): 0
	Maximum resident set size (kbytes): 26838180
	Average resident set size (kbytes): 0
	Major (requiring I/O) page faults: 0
	Minor (reclaiming a frame) page faults: 160608
	Voluntary context switches: 45843
	Involuntary context switches: 881
	Swaps: 0
	File system inputs: 0
	File system outputs: 0
	Socket messages sent: 0
	Socket messages received: 0
	Signals delivered: 0
	Page size (bytes): 4096
	Exit status: 0
