All qscores list:
[1.80291120e+08 1.82430840e+08 2.03500895e+08 2.07568370e+08
 2.09405261e+08 2.28470193e+08 2.29217417e+08 2.29623331e+08
 2.30312436e+08 2.30158820e+08 2.30455351e+08 2.30399174e+08
 2.30026462e+08 2.30142080e+08 2.29758737e+08 2.29029805e+08
 2.29020453e+08 2.29751282e+08 2.29183265e+08 2.29677700e+08
 2.29301582e+08 2.29450221e+08 2.29645621e+08 2.29575550e+08
 2.29517322e+08 2.29779982e+08 2.29655770e+08 2.29748530e+08
 2.29744157e+08 2.29639206e+08 2.29282335e+08 2.27811539e+08
 2.27990056e+08 2.27350401e+08 2.27262620e+08 2.26853911e+08
 2.26674164e+08 2.26823438e+08 2.26610506e+08 2.27679524e+08
 2.28326931e+08 2.28801498e+08 2.28451976e+08 2.29135303e+08
 2.29066564e+08 2.28880903e+08 2.29030233e+08 2.28769102e+08
 2.28705755e+08 2.28559041e+08 2.29050897e+08 2.29212401e+08
 2.29218433e+08 2.28022148e+08 2.28214561e+08 2.28760947e+08
 2.28843281e+08 2.28502167e+08 2.28371984e+08 2.28040212e+08
 2.27992644e+08 2.28346392e+08 2.28410291e+08 2.27983765e+08
 2.28222151e+08 2.27749042e+08 2.28181803e+08 2.27689513e+08
 2.27498011e+08 2.27820368e+08 2.27858839e+08 2.27533693e+08
 2.27304546e+08 2.27338154e+08 2.27341243e+08 2.26719209e+08
 2.21424318e+08 2.23643470e+08 2.25945331e+08 2.25842627e+08
 2.26469639e+08 2.26384913e+08 2.26551056e+08 2.26078333e+08
 2.25531473e+08 2.25596116e+08 2.25244549e+08 2.25380777e+08
 2.25264005e+08 2.24995644e+08 2.24829994e+08 2.24352711e+08
 2.24268780e+08 2.24131079e+08 2.23059407e+08 2.23252184e+08
 2.23371248e+08 2.23095090e+08 2.21651603e+08 2.22199825e+08
 2.11462331e+08]
Mean list:
[30.92119338 31.28817039 34.90183281 35.59943334 35.91447305 39.18424279
 39.31239696 39.38201406 39.50020041 39.47385418 39.52471133 39.51507658
 39.45115386 39.47098316 39.40523714 39.28022018 39.27861625 39.40395855
 39.30653965 39.39133872 39.32683185 39.35232448 39.38583695 39.37381928
 39.36383277 39.40888081 39.38757757 39.40348657 39.40273657 39.38473673
 39.32353085 39.07127901 39.10189592 38.9921906  38.97713554 38.90703908
 38.8762112  38.90181274 38.86529341 39.04863751 39.15967235 39.24106393
 39.18111845 39.29831383 39.28652461 39.25468244 39.28029359 39.23550779
 39.22464333 39.19948085 39.28383761 39.31153668 39.31257121 39.10739993
 39.14040011 39.23410915 39.24823    39.18972656 39.16739926 39.11049803
 39.10233978 39.16301005 39.17396918 39.10081697 39.14170185 39.06056033
 39.13478188 39.05035069 39.01750675 39.07279324 39.07939129 39.02362646
 38.98432614 38.99009015 38.99061994 38.88393674 37.97582574 38.3564259
 38.75121123 38.73359677 38.84113373 38.82660263 38.85509732 38.774022
 38.68023167 38.6913184  38.63102219 38.65438625 38.63435903 38.58833323
 38.5599231  38.47806571 38.46367095 38.44005426 38.25625499 38.2893176
 38.30973791 38.26237487 38.01480672 38.10883064 36.267275  ]
	Command being timed: "./dist.py -f /projects/bgmp/shared/2017_sequencing/demultiplexed/2_2B_control_S2_L008_R2_001.fastq.gz -r 5830665 -l 101"
	User time (seconds): 227.46
	System time (seconds): 0.85
	Percent of CPU this job got: 99%
	Elapsed (wall clock) time (h:mm:ss or m:ss): 3:48.41
	Average shared text size (kbytes): 0
	Average unshared data size (kbytes): 0
	Average stack size (kbytes): 0
	Average total size (kbytes): 0
	Maximum resident set size (kbytes): 56060
	Average resident set size (kbytes): 0
	Major (requiring I/O) page faults: 0
	Minor (reclaiming a frame) page faults: 28109
	Voluntary context switches: 2062
	Involuntary context switches: 64
	Swaps: 0
	File system inputs: 0
	File system outputs: 0
	Socket messages sent: 0
	Socket messages received: 0
	Signals delivered: 0
	Page size (bytes): 4096
	Exit status: 0
