This is cutadapt 4.1 with Python 3.10.6
Command line parameters: -a AGATCGGAAGAGCACACGTCTGAACTCCAGTCA -A AGATCGGAAGAGCGTCGTGTAGGGAAAGAGTGT -o trimmed_Undetermined_S0_L008_R1_001.fastq -p trimmed_Undetermined_S0_L008_R2_001.fastq /projects/bgmp/shared/2017_sequencing/demultiplexed/Undetermined_S0_L008_R1_001.fastq.gz /projects/bgmp/shared/2017_sequencing/demultiplexed/Undetermined_S0_L008_R2_001.fastq.gz
Processing paired-end reads on 1 core ...
Finished in 206.52 s (14 µs/read; 4.29 M reads/minute).

=== Summary ===

Total read pairs processed:         14,760,166
  Read 1 with adapter:                 543,021 (3.7%)
  Read 2 with adapter:                 607,660 (4.1%)
Pairs written (passing filters):    14,760,166 (100.0%)

Total basepairs processed: 2,981,553,532 bp
  Read 1: 1,490,776,766 bp
  Read 2: 1,490,776,766 bp
Total written (filtered):  2,968,880,881 bp (99.6%)
  Read 1: 1,484,746,362 bp
  Read 2: 1,484,134,519 bp

=== First read: Adapter 1 ===

Sequence: AGATCGGAAGAGCACACGTCTGAACTCCAGTCA; Type: regular 3'; Length: 33; Trimmed: 543021 times

Minimum overlap: 3
No. of allowed errors:
1-9 bp: 0; 10-19 bp: 1; 20-29 bp: 2; 30-33 bp: 3

Bases preceding removed adapters:
  A: 21.4%
  C: 29.7%
  G: 31.9%
  T: 15.6%
  none/other: 1.4%

Overview of removed sequences
length	count	expect	max.err	error counts
3	264793	230627.6	0	264793
4	62263	57656.9	0	62263
5	18513	14414.2	0	18513
6	9565	3603.6	0	9565
7	8857	900.9	0	8857
8	8166	225.2	0	8166
9	8179	56.3	0	7962 217
10	8463	14.1	1	7820 643
11	7691	3.5	1	7198 493
12	7423	0.9	1	7019 404
13	7373	0.2	1	6929 444
14	6700	0.1	1	6238 462
15	6402	0.0	1	6022 380
16	6234	0.0	1	5834 400
17	5867	0.0	1	5524 343
18	5573	0.0	1	5205 357 11
19	5416	0.0	1	5031 364 21
20	5199	0.0	2	4761 340 98
21	4884	0.0	2	4501 283 100
22	4719	0.0	2	4334 305 80
23	4565	0.0	2	4174 272 119
24	4412	0.0	2	4001 329 82
25	4119	0.0	2	3767 269 83
26	4020	0.0	2	3644 279 97
27	3815	0.0	2	3472 263 76 4
28	3526	0.0	2	3158 268 88 12
29	3342	0.0	2	2983 275 65 19
30	3164	0.0	3	2759 267 90 48
31	2924	0.0	3	2564 216 102 42
32	2641	0.0	3	2274 240 81 46
33	2586	0.0	3	2151 291 93 51
34	2517	0.0	3	2075 293 92 57
35	2299	0.0	3	1904 273 69 53
36	2250	0.0	3	1883 235 80 52
37	2042	0.0	3	1729 212 61 40
38	1957	0.0	3	1632 209 73 43
39	1857	0.0	3	1571 199 54 33
40	1702	0.0	3	1458 171 45 28
41	1591	0.0	3	1337 160 53 41
42	1537	0.0	3	1305 145 55 32
43	1356	0.0	3	1126 155 48 27
44	1191	0.0	3	1016 123 33 19
45	1113	0.0	3	964 94 42 13
46	1035	0.0	3	867 98 37 33
47	1004	0.0	3	847 95 44 18
48	899	0.0	3	785 85 19 10
49	846	0.0	3	719 87 22 18
50	799	0.0	3	690 74 20 15
51	698	0.0	3	597 63 26 12
52	648	0.0	3	558 67 15 8
53	548	0.0	3	475 46 14 13
54	552	0.0	3	482 50 13 7
55	459	0.0	3	382 57 11 9
56	410	0.0	3	357 33 12 8
57	399	0.0	3	335 48 11 5
58	360	0.0	3	308 35 10 7
59	398	0.0	3	349 26 13 10
60	347	0.0	3	301 34 7 5
61	306	0.0	3	261 28 11 6
62	262	0.0	3	222 29 6 5
63	262	0.0	3	225 24 10 3
64	206	0.0	3	177 21 4 4
65	219	0.0	3	188 20 4 7
66	195	0.0	3	168 20 4 3
67	182	0.0	3	157 19 4 2
68	159	0.0	3	144 11 2 2
69	151	0.0	3	133 13 2 3
70	138	0.0	3	116 11 9 2
71	136	0.0	3	112 17 3 4
72	101	0.0	3	84 8 6 3
73	98	0.0	3	88 9 1
74	86	0.0	3	66 14 4 2
75	48	0.0	3	41 5 1 1
76	47	0.0	3	37 7 3
77	41	0.0	3	30 5 5 1
78	52	0.0	3	41 6 2 3
79	33	0.0	3	29 2 1 1
80	28	0.0	3	23 3 1 1
81	29	0.0	3	23 3 3
82	15	0.0	3	15
83	24	0.0	3	17 6 1
84	21	0.0	3	15 6
85	20	0.0	3	16 3 0 1
86	21	0.0	3	16 4 0 1
87	20	0.0	3	14 3 1 2
88	14	0.0	3	11 2 1
89	24	0.0	3	21 1 1 1
90	8	0.0	3	6 1 1
91	16	0.0	3	13 2 1
92	11	0.0	3	5 3 3
93	12	0.0	3	6 1 5
94	10	0.0	3	5 3 1 1
95	16	0.0	3	11 5
96	12	0.0	3	8 2 0 2
97	20	0.0	3	10 2 4 4
98	29	0.0	3	13 2 9 5
99	10	0.0	3	1 1 2 6
100	26	0.0	3	1 0 4 21
101	7705	0.0	3	8 6265 1216 216


=== Second read: Adapter 2 ===

Sequence: AGATCGGAAGAGCGTCGTGTAGGGAAAGAGTGT; Type: regular 3'; Length: 33; Trimmed: 607660 times

Minimum overlap: 3
No. of allowed errors:
1-9 bp: 0; 10-19 bp: 1; 20-29 bp: 2; 30-33 bp: 3

Bases preceding removed adapters:
  A: 23.7%
  C: 30.4%
  G: 33.5%
  T: 11.0%
  none/other: 1.3%

Overview of removed sequences
length	count	expect	max.err	error counts
3	304354	230627.6	0	304354
4	69798	57656.9	0	69798
5	20224	14414.2	0	20224
6	11048	3603.6	0	11048
7	9400	900.9	0	9400
8	8578	225.2	0	8578
9	8687	56.3	0	8358 329
10	9045	14.1	1	8236 809
11	8202	3.5	1	7572 630
12	7797	0.9	1	7360 437
13	7726	0.2	1	7304 422
14	7094	0.1	1	6690 404
15	6832	0.0	1	6400 432
16	6671	0.0	1	6339 332
17	6239	0.0	1	5891 348
18	5898	0.0	1	5543 352 3
19	5783	0.0	1	5464 307 12
20	5579	0.0	2	5152 294 133
21	5234	0.0	2	4823 292 119
22	5040	0.0	2	4616 311 113
23	4896	0.0	2	4542 231 123
24	4706	0.0	2	4344 275 87
25	4406	0.0	2	4037 252 117
26	4324	0.0	2	3951 274 99
27	4087	0.0	2	3767 232 88
28	3796	0.0	2	3429 277 85 5
29	3571	0.0	2	3228 265 71 7
30	3410	0.0	3	3013 276 75 46
31	3132	0.0	3	2692 287 92 61
32	2895	0.0	3	2458 294 81 62
33	2781	0.0	3	2335 289 97 60
34	2728	0.0	3	2335 252 79 62
35	2497	0.0	3	2107 250 76 64
36	2428	0.0	3	2048 246 82 52
37	2219	0.0	3	1874 233 69 43
38	2128	0.0	3	1778 235 65 50
39	2010	0.0	3	1669 236 68 37
40	1835	0.0	3	1545 180 63 47
41	1736	0.0	3	1465 176 59 36
42	1670	0.0	3	1405 170 55 40
43	1499	0.0	3	1249 158 57 35
44	1306	0.0	3	1099 133 37 37
45	1226	0.0	3	1016 143 37 30
46	1135	0.0	3	965 109 36 25
47	1102	0.0	3	913 127 35 27
48	994	0.0	3	849 88 30 27
49	936	0.0	3	778 97 35 26
50	895	0.0	3	728 105 35 27
51	803	0.0	3	659 90 31 23
52	727	0.0	3	607 73 25 22
53	631	0.0	3	522 56 29 24
54	638	0.0	3	537 62 26 13
55	543	0.0	3	442 59 23 19
56	505	0.0	3	406 60 23 16
57	466	0.0	3	368 59 17 22
58	436	0.0	3	351 56 17 12
59	482	0.0	3	389 45 28 20
60	418	0.0	3	327 56 19 16
61	366	0.0	3	292 44 16 14
62	337	0.0	3	262 38 23 14
63	314	0.0	3	249 38 18 9
64	272	0.0	3	218 30 14 10
65	261	0.0	3	209 36 12 4
66	251	0.0	3	199 27 10 15
67	234	0.0	3	183 32 12 7
68	210	0.0	3	167 27 9 7
69	198	0.0	3	156 22 9 11
70	174	0.0	3	140 24 3 7
71	181	0.0	3	142 17 11 11
72	144	0.0	3	98 23 9 14
73	141	0.0	3	106 19 9 7
74	120	0.0	3	86 17 13 4
75	95	0.0	3	59 22 6 8
76	81	0.0	3	58 14 5 4
77	73	0.0	3	44 16 6 7
78	75	0.0	3	58 12 1 4
79	64	0.0	3	40 12 4 8
80	56	0.0	3	39 7 4 6
81	49	0.0	3	32 9 2 6
82	41	0.0	3	28 8 4 1
83	49	0.0	3	29 6 10 4
84	36	0.0	3	26 2 1 7
85	39	0.0	3	20 11 4 4
86	33	0.0	3	17 9 2 5
87	27	0.0	3	15 7 3 2
88	20	0.0	3	13 2 3 2
89	35	0.0	3	22 6 4 3
90	16	0.0	3	5 4 3 4
91	22	0.0	3	14 4 2 2
92	17	0.0	3	8 3 5 1
93	21	0.0	3	8 3 2 8
94	17	0.0	3	7 1 2 7
95	28	0.0	3	11 7 6 4
96	30	0.0	3	8 4 11 7
97	32	0.0	3	8 4 10 10
98	39	0.0	3	11 4 12 12
99	35	0.0	3	8 2 6 19
100	56	0.0	3	1 3 17 35
101	8145	0.0	3	226 6197 1385 337
	Command being timed: "cutadapt -a AGATCGGAAGAGCACACGTCTGAACTCCAGTCA -A AGATCGGAAGAGCGTCGTGTAGGGAAAGAGTGT -o trimmed_Undetermined_S0_L008_R1_001.fastq -p trimmed_Undetermined_S0_L008_R2_001.fastq /projects/bgmp/shared/2017_sequencing/demultiplexed/Undetermined_S0_L008_R1_001.fastq.gz /projects/bgmp/shared/2017_sequencing/demultiplexed/Undetermined_S0_L008_R2_001.fastq.gz"
	User time (seconds): 203.08
	System time (seconds): 2.49
	Percent of CPU this job got: 99%
	Elapsed (wall clock) time (h:mm:ss or m:ss): 3:27.40
	Average shared text size (kbytes): 0
	Average unshared data size (kbytes): 0
	Average stack size (kbytes): 0
	Average total size (kbytes): 0
	Maximum resident set size (kbytes): 31984
	Average resident set size (kbytes): 0
	Major (requiring I/O) page faults: 0
	Minor (reclaiming a frame) page faults: 30488
	Voluntary context switches: 2112
	Involuntary context switches: 62
	Swaps: 0
	File system inputs: 0
	File system outputs: 0
	Socket messages sent: 0
	Socket messages received: 0
	Signals delivered: 0
	Page size (bytes): 4096
	Exit status: 0
