	STAR --runThreadN 8 --runMode alignReads --outFilterMultimapNmax 3 --outSAMunmapped Within KeepPairs --alignIntronMax 1000000 --alignMatesGapMax 1000000 --readFilesCommand zcat --readFilesIn /projects/bgmp/dmarro/bioinfo/Bi623/assignments/FastQC/QAA/undetermined_filtered1P.fq.gz /projects/bgmp/dmarro/bioinfo/Bi623/assignments/FastQC/QAA/undetermined_filtered2P.fq.gz --genomeDir /projects/bgmp/dmarro/bioinfo/Bi623/assignments/FastQC/QAA/Mus.musculus.GRCm39.107.STAR/ --outFileNamePrefix alignment/
	STAR version: 2.7.10a   compiled: 2022-01-14T18:50:00-05:00 :/home/dobin/data/STAR/STARcode/STAR.master/source
Sep 07 15:04:47 ..... started STAR run
Sep 07 15:04:47 ..... loading genome
Sep 07 15:05:03 ..... started mapping
Sep 07 15:10:09 ..... finished mapping
Sep 07 15:10:09 ..... finished successfully
	Command being timed: "STAR --runThreadN 8 --runMode alignReads --outFilterMultimapNmax 3 --outSAMunmapped Within KeepPairs --alignIntronMax 1000000 --alignMatesGapMax 1000000 --readFilesCommand zcat --readFilesIn /projects/bgmp/dmarro/bioinfo/Bi623/assignments/FastQC/QAA/undetermined_filtered1P.fq.gz /projects/bgmp/dmarro/bioinfo/Bi623/assignments/FastQC/QAA/undetermined_filtered2P.fq.gz --genomeDir /projects/bgmp/dmarro/bioinfo/Bi623/assignments/FastQC/QAA/Mus.musculus.GRCm39.107.STAR/ --outFileNamePrefix alignment/"
	User time (seconds): 2338.09
	System time (seconds): 11.05
	Percent of CPU this job got: 728%
	Elapsed (wall clock) time (h:mm:ss or m:ss): 5:22.57
	Average shared text size (kbytes): 0
	Average unshared data size (kbytes): 0
	Average stack size (kbytes): 0
	Average total size (kbytes): 0
	Maximum resident set size (kbytes): 26855644
	Average resident set size (kbytes): 0
	Major (requiring I/O) page faults: 0
	Minor (reclaiming a frame) page faults: 505086
	Voluntary context switches: 91794
	Involuntary context switches: 3854
	Swaps: 0
	File system inputs: 0
	File system outputs: 0
	Socket messages sent: 0
	Socket messages received: 0
	Signals delivered: 0
	Page size (bytes): 4096
	Exit status: 0
