All qscores list:
[4.22917429e+08 4.25817509e+08 4.63136622e+08 4.73981661e+08
 4.78035724e+08 5.12403067e+08 5.12449644e+08 5.13825539e+08
 5.17928053e+08 5.15775795e+08 5.19049537e+08 5.18053527e+08
 5.17053391e+08 5.17307984e+08 5.15223703e+08 5.11919736e+08
 5.14368413e+08 5.16282228e+08 5.13862578e+08 5.14903065e+08
 5.13437191e+08 5.11581640e+08 5.13370201e+08 5.14464320e+08
 5.14283193e+08 5.14273412e+08 5.14180811e+08 5.13918116e+08
 5.13627813e+08 5.13525354e+08 5.12414545e+08 5.07748791e+08
 5.07719071e+08 5.05109345e+08 5.04173609e+08 5.02476720e+08
 5.02467169e+08 5.01934461e+08 5.00435161e+08 5.04234412e+08
 5.06672559e+08 5.08298297e+08 5.08740073e+08 5.10432155e+08
 5.10335793e+08 5.10314619e+08 5.10566180e+08 5.09955748e+08
 5.10246936e+08 5.09192641e+08 5.10573771e+08 5.10567058e+08
 5.10892566e+08 5.07860350e+08 5.08515980e+08 5.09013231e+08
 5.09488835e+08 5.08297964e+08 5.07835097e+08 5.06869050e+08
 5.06257583e+08 5.06933464e+08 5.06878871e+08 5.06362522e+08
 5.06322660e+08 5.05820472e+08 5.06121257e+08 5.05087406e+08
 5.04284188e+08 5.05161868e+08 5.05007039e+08 5.04374088e+08
 5.03558146e+08 5.03614255e+08 5.03282398e+08 5.01920388e+08
 4.84669730e+08 4.92490388e+08 4.99297118e+08 5.01613722e+08
 5.02948522e+08 5.03572414e+08 5.03810753e+08 5.02931888e+08
 5.01359195e+08 5.01625453e+08 5.00160642e+08 5.00394957e+08
 4.99370368e+08 4.98746726e+08 4.98196418e+08 4.97194134e+08
 4.96194502e+08 4.95691078e+08 4.93271693e+08 4.93596197e+08
 4.93308752e+08 4.92636193e+08 4.89016037e+08 4.89575072e+08
 4.63477314e+08]
Mean list:
[28.6526201  28.84910027 31.37746703 32.1122175  32.38687993 34.71526452
 34.7184201  34.81163687 35.08958185 34.94376655 35.1655623  35.0980827
 35.03032357 35.04757223 34.90636237 34.68251888 34.84841654 34.97807735
 34.81414626 34.88463917 34.78532633 34.65961291 34.78078776 34.85491423
 34.84264289 34.84198023 34.83570652 34.81790896 34.79824095 34.79129937
 34.71604215 34.39993771 34.39792418 34.22111547 34.15771943 34.04275535
 34.04210827 34.00601734 33.9044399  34.16183883 34.32702308 34.4371667
 34.46709698 34.5817354  34.57520688 34.57377234 34.59081558 34.54945886
 34.56918682 34.49775843 34.59132987 34.59087506 34.6129282  34.40749582
 34.4519147  34.48560341 34.51782554 34.43714414 34.40578493 34.34033533
 34.29890849 34.34469938 34.3410007  34.3060181  34.30331746 34.26929426
 34.28967242 34.2196291  34.16521115 34.2246739  34.21418424 34.17130187
 34.11602187 34.11982325 34.09733996 34.0050639  32.83633328 33.3661822
 33.82733758 33.9842873  34.07471989 34.11698852 34.13313597 34.07359294
 33.96704312 33.98508208 33.88584126 33.90171608 33.83230026 33.79004857
 33.75276525 33.68486059 33.61713561 33.58302867 33.41911554 33.44110066
 33.42162629 33.37606047 33.13079521 33.16866978 31.40054888]
	Command being timed: "./dist.py -f /projects/bgmp/shared/2017_sequencing/demultiplexed/Undetermined_S0_L008_R2_001.fastq.gz -r 14760166 -l 101"
	User time (seconds): 565.55
	System time (seconds): 0.92
	Percent of CPU this job got: 99%
	Elapsed (wall clock) time (h:mm:ss or m:ss): 9:26.70
	Average shared text size (kbytes): 0
	Average unshared data size (kbytes): 0
	Average stack size (kbytes): 0
	Average total size (kbytes): 0
	Maximum resident set size (kbytes): 63684
	Average resident set size (kbytes): 0
	Major (requiring I/O) page faults: 0
	Minor (reclaiming a frame) page faults: 30489
	Voluntary context switches: 150
	Involuntary context switches: 188
	Swaps: 0
	File system inputs: 0
	File system outputs: 0
	Socket messages sent: 0
	Socket messages received: 0
	Signals delivered: 0
	Page size (bytes): 4096
	Exit status: 0
