All qscores list:
[1.84104650e+08 1.83305050e+08 2.04466545e+08 2.10138605e+08
 2.10337530e+08 2.31228034e+08 2.32433851e+08 2.33481419e+08
 2.33819990e+08 2.33995693e+08 2.34291719e+08 2.34313742e+08
 2.34034813e+08 2.34087237e+08 2.34151194e+08 2.34128530e+08
 2.33649593e+08 2.33852522e+08 2.33906726e+08 2.33901959e+08
 2.33750105e+08 2.34051067e+08 2.33661372e+08 2.33891035e+08
 2.33606481e+08 2.33562235e+08 2.33234021e+08 2.33364840e+08
 2.33080935e+08 2.33304212e+08 2.32764509e+08 2.33073093e+08
 2.33003568e+08 2.33201101e+08 2.33222601e+08 2.33160857e+08
 2.33058679e+08 2.32905791e+08 2.32932375e+08 2.32807629e+08
 2.32685272e+08 2.32614784e+08 2.32198684e+08 2.32363393e+08
 2.31993778e+08 2.32240299e+08 2.32306841e+08 2.32256569e+08
 2.32264446e+08 2.32258209e+08 2.32257184e+08 2.32203676e+08
 2.31759452e+08 2.31978824e+08 2.31950476e+08 2.31975092e+08
 2.31627516e+08 2.31747850e+08 2.31704241e+08 2.31657242e+08
 2.31544693e+08 2.31532969e+08 2.31245221e+08 2.31363394e+08
 2.31301731e+08 2.31222929e+08 2.31146535e+08 2.31113622e+08
 2.31012520e+08 2.30480920e+08 2.30611265e+08 2.30610295e+08
 2.30558058e+08 2.30470039e+08 2.30300175e+08 2.29594360e+08
 2.25624669e+08 2.27775559e+08 2.28359329e+08 2.28588100e+08
 2.29094661e+08 2.29121110e+08 2.29002743e+08 2.28952786e+08
 2.28833453e+08 2.28804270e+08 2.28582864e+08 2.27723277e+08
 2.27948414e+08 2.28019363e+08 2.27933601e+08 2.27703155e+08
 2.27513247e+08 2.27163606e+08 2.27050647e+08 2.27112247e+08
 2.27006285e+08 2.25717352e+08 2.26010212e+08 2.26455139e+08
 2.19922291e+08]
Mean list:
[31.57524056 31.43810354 35.06744857 36.0402467  36.07436373 39.65723189
 39.86403798 40.04370325 40.10177055 40.13190485 40.18267539 40.18645249
 40.13861421 40.14760529 40.15857437 40.15468733 40.07254627 40.10735002
 40.11664639 40.11582881 40.08978478 40.14140188 40.07456645 40.11395527
 40.06515226 40.05756376 40.00127275 40.02370913 39.97501743 40.013311
 39.92074815 39.97367247 39.96174845 39.99562674 39.99931414 39.98872461
 39.97120037 39.944979   39.94953835 39.92814353 39.90715845 39.89506926
 39.82370519 39.85195394 39.78856237 39.83084245 39.84225487 39.83363287
 39.83498383 39.83391414 39.83373835 39.82456135 39.74837381 39.78599765
 39.78113577 39.78535759 39.72574586 39.74638399 39.73890474 39.73084408
 39.71154114 39.70953039 39.66017959 39.68044708 39.66987145 39.65635635
 39.64325424 39.63760943 39.62026973 39.5290966  39.55145168 39.55128532
 39.5423263  39.52723043 39.49809756 39.37704533 38.69621544 39.06510818
 39.16522884 39.20446467 39.29134344 39.29587963 39.27557886 39.26701088
 39.24654443 39.24153934 39.20356666 39.05614145 39.09475403 39.10692228
 39.0922135  39.05269039 39.02011983 38.96015394 38.94078068 38.95134552
 38.93317229 38.71211123 38.76233877 38.83864688 37.71821756]
	Command being timed: "./dist.py -f /projects/bgmp/shared/2017_sequencing/demultiplexed/2_2B_control_S2_L008_R1_001.fastq.gz -r 5830665 -l 101"
	User time (seconds): 237.83
	System time (seconds): 0.86
	Percent of CPU this job got: 99%
	Elapsed (wall clock) time (h:mm:ss or m:ss): 3:58.97
	Average shared text size (kbytes): 0
	Average unshared data size (kbytes): 0
	Average stack size (kbytes): 0
	Average total size (kbytes): 0
	Maximum resident set size (kbytes): 56076
	Average resident set size (kbytes): 0
	Major (requiring I/O) page faults: 0
	Minor (reclaiming a frame) page faults: 28846
	Voluntary context switches: 2085
	Involuntary context switches: 67
	Swaps: 0
	File system inputs: 0
	File system outputs: 0
	Socket messages sent: 0
	Socket messages received: 0
	Signals delivered: 0
	Page size (bytes): 4096
	Exit status: 0
