All qscores list:
[4.52960080e+08 4.56588557e+08 5.08487892e+08 5.17653412e+08
 5.21331522e+08 5.67713852e+08 5.70884650e+08 5.72089847e+08
 5.75076509e+08 5.76189000e+08 5.76957718e+08 5.77135405e+08
 5.75894975e+08 5.76085178e+08 5.75493810e+08 5.75444399e+08
 5.74301113e+08 5.74837861e+08 5.74805236e+08 5.74204592e+08
 5.72731901e+08 5.74396059e+08 5.72818714e+08 5.73573295e+08
 5.71733884e+08 5.71318326e+08 5.68266680e+08 5.69532453e+08
 5.68035895e+08 5.69285209e+08 5.66296081e+08 5.68241313e+08
 5.67260413e+08 5.68644295e+08 5.69175357e+08 5.69058932e+08
 5.69093038e+08 5.68394051e+08 5.68538027e+08 5.67959177e+08
 5.67430678e+08 5.66832089e+08 5.67361755e+08 5.66601031e+08
 5.65839312e+08 5.65860069e+08 5.65968727e+08 5.65261388e+08
 5.65480716e+08 5.65447817e+08 5.65181761e+08 5.65169942e+08
 5.63689607e+08 5.64387914e+08 5.63992727e+08 5.63921184e+08
 5.62638351e+08 5.63128192e+08 5.62129685e+08 5.62077415e+08
 5.61202610e+08 5.61341248e+08 5.60208750e+08 5.60649486e+08
 5.59767540e+08 5.59391466e+08 5.58609003e+08 5.58621403e+08
 5.58404104e+08 5.56041414e+08 5.56069908e+08 5.55020706e+08
 5.54485034e+08 5.53752793e+08 5.52489340e+08 5.52696274e+08
 5.36209814e+08 5.44541945e+08 5.47836410e+08 5.48482921e+08
 5.50338348e+08 5.49205488e+08 5.48795428e+08 5.48393463e+08
 5.47564779e+08 5.47657032e+08 5.45602760e+08 5.43083200e+08
 5.41976578e+08 5.41594296e+08 5.40484149e+08 5.38846862e+08
 5.38106018e+08 5.36829890e+08 5.35950104e+08 5.35646711e+08
 5.35147295e+08 5.32463058e+08 5.31797337e+08 5.32892389e+08
 5.14497217e+08]
Mean list:
[30.68800717 30.93383618 34.45001174 35.07097495 35.32016659 38.46256553
 38.67738683 38.75903882 38.96138492 39.03675609 39.08883667 39.10087495
 39.01683592 39.02972216 38.98965703 38.98630944 38.90885191 38.94521654
 38.9430062  38.90231262 38.80253793 38.91528449 38.8084195  38.8595423
 38.73492236 38.70676834 38.50001958 38.58577559 38.48438392 38.56902483
 38.36651166 38.49830097 38.43184508 38.52560296 38.56158237 38.55369459
 38.55600526 38.50864895 38.51840332 38.47918628 38.44338051 38.40282616
 38.43871099 38.387172   38.3355656  38.33697189 38.34433346 38.2964113
 38.31127075 38.30904185 38.29101658 38.29021584 38.18992327 38.23723351
 38.21045962 38.20561259 38.11870077 38.15188745 38.08423869 38.0806974
 38.02142943 38.03082215 37.9540955  37.98395533 37.92420356 37.89872458
 37.84571278 37.84655288 37.83183089 37.67175884 37.67368931 37.60260596
 37.56631423 37.51670496 37.43110613 37.44512589 36.32816962 36.89267079
 37.11587051 37.15967158 37.2853766  37.20862543 37.1808439  37.15361081
 37.09746754 37.10371767 36.96454091 36.79384094 36.71886739 36.69296782
 36.61775545 36.50682939 36.45663728 36.37017971 36.31057428 36.29001943
 36.25618404 36.07432721 36.02922467 36.10341435 34.857143  ]
	Command being timed: "./dist.py -f /projects/bgmp/shared/2017_sequencing/demultiplexed/Undetermined_S0_L008_R1_001.fastq.gz -r 14760166 -l 101"
	User time (seconds): 583.66
	System time (seconds): 0.97
	Percent of CPU this job got: 99%
	Elapsed (wall clock) time (h:mm:ss or m:ss): 9:44.91
	Average shared text size (kbytes): 0
	Average unshared data size (kbytes): 0
	Average stack size (kbytes): 0
	Average total size (kbytes): 0
	Maximum resident set size (kbytes): 62216
	Average resident set size (kbytes): 0
	Major (requiring I/O) page faults: 0
	Minor (reclaiming a frame) page faults: 33415
	Voluntary context switches: 617
	Involuntary context switches: 175
	Swaps: 0
	File system inputs: 0
	File system outputs: 0
	Socket messages sent: 0
	Socket messages received: 0
	Signals delivered: 0
	Page size (bytes): 4096
	Exit status: 0
