	STAR --runMode genomeGenerate --runThreadN 8 --genomeDir /projects/bgmp/dmarro/bioinfo/Bi623/assignments/FastQC/QAA/Mus.musculus.GRCm39.107.STAR --genomeFastaFiles /projects/bgmp/dmarro/bioinfo/Bi623/assignments/FastQC/QAA/Mus_musculus.GRCm39.dna.primary_assembly.fa
	STAR version: 2.7.10a   compiled: 2022-01-14T18:50:00-05:00 :/home/dobin/data/STAR/STARcode/STAR.master/source
Sep 07 14:30:46 ..... started STAR run
Sep 07 14:30:46 ... starting to generate Genome files
Sep 07 14:31:22 ... starting to sort Suffix Array. This may take a long time...
Sep 07 14:31:34 ... sorting Suffix Array chunks and saving them to disk...
Sep 07 14:40:16 ... loading chunks from disk, packing SA...
Sep 07 14:41:10 ... finished generating suffix array
Sep 07 14:41:10 ... generating Suffix Array index
Sep 07 14:43:44 ... completed Suffix Array index
Sep 07 14:43:44 ... writing Genome to disk ...
Sep 07 14:43:45 ... writing Suffix Array to disk ...
Sep 07 14:43:49 ... writing SAindex to disk
Sep 07 14:43:50 ..... finished successfully
	Command being timed: "STAR --runMode genomeGenerate --runThreadN 8 --genomeDir /projects/bgmp/dmarro/bioinfo/Bi623/assignments/FastQC/QAA/Mus.musculus.GRCm39.107.STAR --genomeFastaFiles /projects/bgmp/dmarro/bioinfo/Bi623/assignments/FastQC/QAA/Mus_musculus.GRCm39.dna.primary_assembly.fa"
	User time (seconds): 4170.25
	System time (seconds): 27.10
	Percent of CPU this job got: 535%
	Elapsed (wall clock) time (h:mm:ss or m:ss): 13:03.51
	Average shared text size (kbytes): 0
	Average unshared data size (kbytes): 0
	Average stack size (kbytes): 0
	Average total size (kbytes): 0
	Maximum resident set size (kbytes): 29703664
	Average resident set size (kbytes): 0
	Major (requiring I/O) page faults: 0
	Minor (reclaiming a frame) page faults: 878549
	Voluntary context switches: 18141
	Involuntary context switches: 196582
	Swaps: 0
	File system inputs: 0
	File system outputs: 0
	Socket messages sent: 0
	Socket messages received: 0
	Signals delivered: 0
	Page size (bytes): 4096
	Exit status: 0
/cm/local/apps/slurm/var/spool/job22216719/slurm_script: line 17: --sjdbGTFfile: command not found
